timestamp,http_code,http_connect,time_namelookup,time_connect,time_pretransfer,time_starttransfer,size_download,speed_download,time_total,num_redirects,url_effective,curl_exit_code,url
Nov 05 00:04:55,301,000,0.019,0.032,0.344,0.000,0,0.000,10.005,1,https://www.sashe.sk/,curl: (28) Operation timed out after 9946 milliseconds with 0 bytes received,www.sashe.sk
Nov 05 00:15:22,301,000,0.062,0.083,0.436,0.000,0,0.000,10.001,1,https://www.sashe.sk/,curl: (28) Operation timed out after 9961 milliseconds with 0 bytes received,www.sashe.sk
Nov 05 00:25:48,200,000,0.012,0.026,0.355,0.387,187876,328424.000,0.572,1,https://www.sashe.sk/,,www.sashe.sk
Nov 05 00:35:56,200,000,0.012,0.026,0.245,0.276,187683,410169.000,0.458,1,https://www.sashe.sk/,,www.sashe.sk
Nov 05 00:46:03,200,000,0.061,0.075,0.370,0.402,187777,270245.000,0.695,1,https://www.sashe.sk/,,www.sashe.sk
Nov 05 00:56:11,200,000,0.061,0.075,0.358,0.389,187802,289389.000,0.649,1,https://www.sashe.sk/,,www.sashe.sk
Nov 05 01:06:18,200,000,0.127,0.141,0.464,0.500,187902,251875.000,0.746,1,https://www.sashe.sk/,,www.sashe.sk
Nov 05 01:16:25,200,000,0.065,0.082,0.397,0.434,187798,296640.000,0.633,1,https://www.sashe.sk/,,www.sashe.sk
Nov 05 01:26:33,200,000,0.029,0.044,0.443,0.477,187804,275071.000,0.683,1,https://www.sashe.sk/,,www.sashe.sk
Nov 05 01:36:41,200,000,0.018,0.034,0.318,0.350,187918,348486.000,0.539,1,https://www.sashe.sk/,,www.sashe.sk
Nov 05 01:46:48,200,000,0.012,0.026,0.243,0.275,187684,411134.000,0.457,1,https://www.sashe.sk/,,www.sashe.sk
Nov 05 01:56:56,200,000,0.013,0.026,0.362,0.394,187804,285446.000,0.658,1,https://www.sashe.sk/,,www.sashe.sk
Nov 05 02:07:04,200,000,0.076,0.095,0.464,0.496,187772,260638.000,0.720,1,https://www.sashe.sk/,,www.sashe.sk
Nov 05 02:17:11,200,000,0.021,0.039,0.355,0.385,187880,319532.000,0.588,1,https://www.sashe.sk/,,www.sashe.sk
Nov 05 02:27:18,200,000,0.012,0.027,0.383,0.413,187784,295420.000,0.636,1,https://www.sashe.sk/,,www.sashe.sk
Nov 05 02:37:27,200,000,0.012,0.026,0.347,0.406,187706,298508.000,0.629,1,https://www.sashe.sk/,,www.sashe.sk
Nov 05 02:47:34,200,000,0.061,0.075,0.410,0.442,187762,297161.000,0.632,1,https://www.sashe.sk/,,www.sashe.sk
Nov 05 02:57:40,200,000,0.061,0.075,0.415,0.449,187768,293004.000,0.641,1,https://www.sashe.sk/,,www.sashe.sk
Nov 05 03:07:57,200,000,0.012,0.027,0.342,0.376,187922,326656.000,0.575,1,https://www.sashe.sk/,,www.sashe.sk
Nov 05 03:18:05,200,000,0.067,0.082,0.363,0.393,187928,220649.000,0.852,1,https://www.sashe.sk/,,www.sashe.sk
Nov 05 03:28:13,301,000,0.014,0.032,0.347,0.000,0,0.000,10.002,1,https://www.sashe.sk/,curl: (28) Operation timed out after 9944 milliseconds with 0 bytes received,www.sashe.sk
Nov 05 03:38:38,200,000,0.063,0.077,0.384,0.415,187940,302385.000,0.622,1,https://www.sashe.sk/,,www.sashe.sk
Nov 05 03:48:47,200,000,0.063,0.081,0.341,0.370,187970,330220.000,0.569,1,https://www.sashe.sk/,,www.sashe.sk
Nov 05 03:58:53,200,000,0.064,0.080,0.388,0.420,187988,304362.000,0.618,1,https://www.sashe.sk/,,www.sashe.sk
Nov 05 04:09:01,200,000,0.014,0.027,0.337,0.369,187980,332862.000,0.565,1,https://www.sashe.sk/,,www.sashe.sk
Nov 05 04:19:08,200,000,0.016,0.030,0.479,0.875,188028,167968.000,1.119,1,https://www.sashe.sk/,,www.sashe.sk
Nov 05 04:29:16,200,000,0.012,0.026,0.248,0.278,187973,397690.000,0.473,1,https://www.sashe.sk/,,www.sashe.sk
Nov 05 04:39:22,200,000,0.062,0.078,0.430,0.463,187979,286846.000,0.655,1,https://www.sashe.sk/,,www.sashe.sk
Nov 05 04:49:29,200,000,0.061,0.074,0.303,0.337,188025,329490.000,0.571,1,https://www.sashe.sk/,,www.sashe.sk
Nov 05 04:59:36,200,000,0.012,0.025,0.246,0.276,188105,407295.000,0.462,1,https://www.sashe.sk/,,www.sashe.sk
Nov 05 05:09:42,200,000,0.004,0.019,0.300,0.330,188109,337406.000,0.558,1,https://www.sashe.sk/,,www.sashe.sk
Nov 05 05:19:50,200,000,0.012,0.028,0.376,0.407,188093,317302.000,0.593,1,https://www.sashe.sk/,,www.sashe.sk
Nov 05 05:29:58,200,000,0.061,0.074,0.399,0.459,188032,265151.000,0.709,1,https://www.sashe.sk/,,www.sashe.sk
Nov 05 05:40:05,200,000,0.029,0.042,0.259,0.291,188203,389375.000,0.483,1,https://www.sashe.sk/,,www.sashe.sk
Nov 05 05:50:13,200,000,0.061,0.078,0.359,0.391,188206,323749.000,0.581,1,https://www.sashe.sk/,,www.sashe.sk
Nov 05 06:00:21,200,000,0.012,0.026,0.243,0.273,188164,379734.000,0.496,1,https://www.sashe.sk/,,www.sashe.sk
Nov 05 06:10:28,200,000,0.012,0.026,0.224,0.253,188454,385340.000,0.489,1,https://www.sashe.sk/,,www.sashe.sk
Nov 05 06:20:34,200,000,0.012,0.026,0.283,0.315,188350,373379.000,0.504,1,https://www.sashe.sk/,,www.sashe.sk
Nov 05 06:30:41,200,000,0.012,0.026,0.272,0.314,188407,364485.000,0.517,1,https://www.sashe.sk/,,www.sashe.sk
Nov 05 06:40:47,200,000,0.012,0.026,0.336,0.372,188118,311151.000,0.605,1,https://www.sashe.sk/,,www.sashe.sk
Nov 05 06:50:54,200,000,0.013,0.034,0.285,0.317,188539,373244.000,0.505,1,https://www.sashe.sk/,,www.sashe.sk
Nov 05 07:01:01,200,000,0.013,0.027,0.335,0.367,188308,336965.000,0.559,1,https://www.sashe.sk/,,www.sashe.sk
Nov 05 07:11:08,200,000,0.012,0.026,0.228,0.257,188091,436573.000,0.431,1,https://www.sashe.sk/,,www.sashe.sk
Nov 05 07:21:16,200,000,0.015,0.031,0.384,0.421,187770,305767.000,0.614,1,https://www.sashe.sk/,,www.sashe.sk
Nov 05 07:31:24,200,000,0.013,0.027,0.232,0.261,187788,398271.000,0.472,1,https://www.sashe.sk/,,www.sashe.sk
Nov 05 07:41:31,200,000,0.071,0.084,0.474,0.504,187733,265336.000,0.708,1,https://www.sashe.sk/,,www.sashe.sk
Nov 05 07:51:39,200,000,0.012,0.031,0.301,0.335,187974,353996.000,0.531,1,https://www.sashe.sk/,,www.sashe.sk
Nov 05 08:01:47,200,000,0.012,0.028,0.268,0.300,188019,346873.000,0.542,1,https://www.sashe.sk/,,www.sashe.sk
Nov 05 08:11:54,200,000,0.014,0.028,0.270,0.305,188220,371942.000,0.506,1,https://www.sashe.sk/,,www.sashe.sk
Nov 05 08:22:01,200,000,0.125,0.138,0.356,0.386,188342,325398.000,0.579,1,https://www.sashe.sk/,,www.sashe.sk
Nov 05 08:32:08,200,000,0.013,0.036,0.458,0.488,188191,262117.000,0.718,1,https://www.sashe.sk/,,www.sashe.sk
Nov 05 08:42:14,200,000,0.015,0.030,0.371,0.408,188280,304299.000,0.619,1,https://www.sashe.sk/,,www.sashe.sk
Nov 05 08:52:20,200,000,0.063,0.078,0.391,0.421,188219,314875.000,0.598,1,https://www.sashe.sk/,,www.sashe.sk
Nov 05 09:02:27,200,000,0.061,0.074,0.356,0.386,188211,329119.000,0.572,1,https://www.sashe.sk/,,www.sashe.sk
Nov 05 09:12:35,200,000,0.068,0.081,0.487,0.518,188028,265439.000,0.708,1,https://www.sashe.sk/,,www.sashe.sk
Nov 05 09:22:44,200,000,0.012,0.026,0.259,0.308,187783,288022.000,0.652,1,https://www.sashe.sk/,,www.sashe.sk
Nov 05 09:32:52,200,000,0.012,0.026,0.254,0.294,188088,376709.000,0.499,1,https://www.sashe.sk/,,www.sashe.sk
Nov 05 09:42:59,200,000,0.014,0.031,0.345,0.377,188068,322187.000,0.584,1,https://www.sashe.sk/,,www.sashe.sk
Nov 05 09:53:07,200,000,0.028,0.050,0.362,0.396,188236,319498.000,0.589,1,https://www.sashe.sk/,,www.sashe.sk
Nov 05 10:03:15,200,000,0.033,0.051,0.407,0.444,188387,285237.000,0.660,1,https://www.sashe.sk/,,www.sashe.sk
Nov 05 10:13:21,200,000,0.012,0.026,0.373,0.409,188407,311295.000,0.605,1,https://www.sashe.sk/,,www.sashe.sk
Nov 05 10:23:29,200,000,0.012,0.026,0.397,0.430,188652,281828.000,0.669,1,https://www.sashe.sk/,,www.sashe.sk
Nov 05 10:33:36,200,000,0.004,0.018,0.260,0.295,188226,389269.000,0.484,1,https://www.sashe.sk/,,www.sashe.sk
Nov 05 10:43:43,200,000,0.062,0.076,0.398,0.428,188178,271959.000,0.692,1,https://www.sashe.sk/,,www.sashe.sk
Nov 05 10:53:51,200,000,0.028,0.048,0.320,0.349,188320,346843.000,0.543,1,https://www.sashe.sk/,,www.sashe.sk
Nov 05 11:03:59,200,000,0.016,0.032,0.334,0.371,188275,328868.000,0.572,1,https://www.sashe.sk/,,www.sashe.sk
Nov 05 11:14:08,200,000,0.071,0.085,0.431,0.467,188400,272412.000,0.692,1,https://www.sashe.sk/,,www.sashe.sk
Nov 05 11:24:16,200,000,0.013,0.034,0.392,0.462,188225,264527.000,0.712,1,https://www.sashe.sk/,,www.sashe.sk
Nov 05 11:34:23,200,000,0.061,0.074,0.291,0.353,188061,345067.000,0.545,1,https://www.sashe.sk/,,www.sashe.sk
Nov 05 11:44:30,200,000,0.012,0.026,0.282,0.371,188176,332037.000,0.567,1,https://www.sashe.sk/,,www.sashe.sk
Nov 05 11:54:38,200,000,0.016,0.029,0.284,0.314,188185,326391.000,0.577,1,https://www.sashe.sk/,,www.sashe.sk
Nov 05 12:04:46,200,000,0.067,0.080,0.426,0.459,188086,268276.000,0.701,1,https://www.sashe.sk/,,www.sashe.sk
Nov 05 12:14:54,200,000,0.017,0.036,0.369,0.405,188103,285687.000,0.658,1,https://www.sashe.sk/,,www.sashe.sk
Nov 05 12:25:01,200,000,0.020,0.033,0.261,0.290,188303,385874.000,0.488,1,https://www.sashe.sk/,,www.sashe.sk
Nov 05 12:35:09,200,000,0.013,0.029,0.395,0.429,188069,296240.000,0.635,1,https://www.sashe.sk/,,www.sashe.sk
Nov 05 12:45:16,200,000,0.012,0.026,0.257,0.287,188128,387999.000,0.485,1,https://www.sashe.sk/,,www.sashe.sk
Nov 05 12:55:23,200,000,0.014,0.028,0.290,0.355,188188,274160.000,0.686,1,https://www.sashe.sk/,,www.sashe.sk
Nov 05 13:05:30,200,000,0.029,0.045,0.316,0.365,188117,324555.000,0.580,1,https://www.sashe.sk/,,www.sashe.sk
Nov 05 13:15:38,200,000,0.013,0.032,0.465,0.498,187895,274151.000,0.685,1,https://www.sashe.sk/,,www.sashe.sk
Nov 05 13:25:44,200,000,0.012,0.026,0.327,0.363,187963,299292.000,0.628,1,https://www.sashe.sk/,,www.sashe.sk
Nov 05 13:35:51,200,000,0.012,0.029,0.313,0.352,188072,337857.000,0.557,1,https://www.sashe.sk/,,www.sashe.sk
Nov 05 13:46:00,200,000,0.013,0.026,0.248,0.281,188405,398741.000,0.472,1,https://www.sashe.sk/,,www.sashe.sk
Nov 05 13:56:06,200,000,0.012,0.026,0.299,0.328,188160,374710.000,0.502,1,https://www.sashe.sk/,,www.sashe.sk
Nov 05 14:06:13,200,000,0.012,0.027,0.372,0.408,188159,284739.000,0.661,1,https://www.sashe.sk/,,www.sashe.sk
Nov 05 14:16:21,200,000,0.013,0.027,0.293,0.327,187659,353446.000,0.531,1,https://www.sashe.sk/,,www.sashe.sk
Nov 05 14:26:29,200,000,0.062,0.076,0.408,0.445,187885,287515.000,0.653,1,https://www.sashe.sk/,,www.sashe.sk
Nov 05 14:36:37,200,000,0.013,0.029,0.349,0.384,187616,317744.000,0.590,1,https://www.sashe.sk/,,www.sashe.sk
Nov 05 14:46:45,200,000,0.037,0.052,0.373,0.408,188164,294665.000,0.639,1,https://www.sashe.sk/,,www.sashe.sk
Nov 05 14:56:53,200,000,0.013,0.026,0.230,0.261,188072,428110.000,0.439,1,https://www.sashe.sk/,,www.sashe.sk
Nov 05 15:07:00,200,000,0.012,0.026,0.236,0.266,188239,415250.000,0.453,1,https://www.sashe.sk/,,www.sashe.sk
Nov 05 15:17:06,200,000,0.012,0.027,0.326,0.362,188190,302040.000,0.623,1,https://www.sashe.sk/,,www.sashe.sk
Nov 05 15:27:14,200,000,0.015,0.036,0.339,0.370,187952,326986.000,0.575,1,https://www.sashe.sk/,,www.sashe.sk
Nov 05 15:37:21,200,000,0.012,0.026,0.304,0.334,188093,287916.000,0.653,1,https://www.sashe.sk/,,www.sashe.sk
Nov 05 15:47:29,200,000,0.012,0.027,0.332,0.369,188026,298387.000,0.630,1,https://www.sashe.sk/,,www.sashe.sk
Nov 05 15:57:36,200,000,0.012,0.033,0.480,0.513,188052,259060.000,0.726,1,https://www.sashe.sk/,,www.sashe.sk
Nov 05 16:07:43,200,000,0.013,0.026,0.279,0.312,188727,355145.000,0.531,1,https://www.sashe.sk/,,www.sashe.sk
Nov 05 16:17:50,200,000,0.012,0.026,0.326,0.359,188311,337812.000,0.557,1,https://www.sashe.sk/,,www.sashe.sk
Nov 05 16:27:57,200,000,0.012,0.026,0.381,0.415,188038,303796.000,0.619,1,https://www.sashe.sk/,,www.sashe.sk
Nov 05 16:38:06,200,000,0.016,0.036,0.518,0.550,187996,213242.000,0.882,1,https://www.sashe.sk/,,www.sashe.sk
Nov 05 16:48:14,200,000,0.012,0.027,0.339,0.373,187831,338660.000,0.555,1,https://www.sashe.sk/,,www.sashe.sk
Nov 05 16:58:21,200,000,0.028,0.048,0.508,0.544,187920,241145.000,0.779,1,https://www.sashe.sk/,,www.sashe.sk
Nov 05 17:08:28,200,000,0.012,0.026,0.244,0.274,187721,405022.000,0.463,1,https://www.sashe.sk/,,www.sashe.sk
Nov 05 17:18:35,200,000,0.012,0.027,0.237,0.267,187934,410158.000,0.458,1,https://www.sashe.sk/,,www.sashe.sk
Nov 05 17:28:44,200,000,0.013,0.033,0.426,0.463,187927,285075.000,0.659,1,https://www.sashe.sk/,,www.sashe.sk
Nov 05 17:38:52,200,000,0.016,0.043,0.348,0.381,188062,321540.000,0.585,1,https://www.sashe.sk/,,www.sashe.sk
Nov 05 17:49:00,200,000,0.064,0.082,0.381,0.411,188551,315012.000,0.599,1,https://www.sashe.sk/,,www.sashe.sk
Nov 05 17:59:08,200,000,0.013,0.028,0.285,0.337,188317,353274.000,0.533,1,https://www.sashe.sk/,,www.sashe.sk
Nov 05 18:09:16,200,000,0.061,0.075,0.434,0.469,187863,256991.000,0.731,1,https://www.sashe.sk/,,www.sashe.sk
Nov 05 18:19:23,200,000,0.012,0.026,0.270,0.299,188240,387443.000,0.486,1,https://www.sashe.sk/,,www.sashe.sk
Nov 05 18:29:31,200,000,0.014,0.027,0.395,3.427,188234,51706.000,3.640,1,https://www.sashe.sk/,,www.sashe.sk
Nov 05 18:39:40,200,000,0.130,0.144,0.519,0.552,187800,250452.000,0.750,1,https://www.sashe.sk/,,www.sashe.sk
Nov 05 18:49:47,200,000,0.029,0.043,0.425,0.457,187992,235116.000,0.800,1,https://www.sashe.sk/,,www.sashe.sk
Nov 05 18:59:55,200,000,0.015,0.030,0.360,0.409,188194,308001.000,0.611,1,https://www.sashe.sk/,,www.sashe.sk
Nov 05 19:10:03,200,000,0.012,0.032,0.333,0.366,188281,334409.000,0.563,1,https://www.sashe.sk/,,www.sashe.sk
Nov 05 19:20:09,200,000,0.062,0.077,0.348,0.775,188057,195230.000,0.963,1,https://www.sashe.sk/,,www.sashe.sk
Nov 05 19:30:17,200,000,0.013,0.027,0.306,0.371,187990,337785.000,0.557,1,https://www.sashe.sk/,,www.sashe.sk
Nov 05 19:40:24,200,000,0.061,0.075,0.388,0.421,187889,251231.000,0.748,1,https://www.sashe.sk/,,www.sashe.sk
Nov 05 19:50:31,200,000,0.012,0.026,0.317,7.354,188187,24761.000,7.600,1,https://www.sashe.sk/,,www.sashe.sk
Nov 05 20:00:47,200,000,0.014,0.028,0.308,0.339,188407,272027.000,0.693,1,https://www.sashe.sk/,,www.sashe.sk
Nov 05 20:10:54,200,000,0.012,0.027,0.297,0.330,188292,354448.000,0.531,1,https://www.sashe.sk/,,www.sashe.sk
Nov 05 20:21:01,200,000,0.029,0.042,0.428,0.461,187773,291775.000,0.644,1,https://www.sashe.sk/,,www.sashe.sk
Nov 05 20:31:07,200,000,0.012,0.026,0.243,0.274,188196,371094.000,0.507,1,https://www.sashe.sk/,,www.sashe.sk
Nov 05 20:41:15,200,000,0.012,0.028,0.369,0.404,187874,308848.000,0.608,1,https://www.sashe.sk/,,www.sashe.sk
Nov 05 20:51:23,200,000,0.013,0.027,0.307,0.337,188460,362073.000,0.521,1,https://www.sashe.sk/,,www.sashe.sk
Nov 05 21:01:29,200,000,0.013,0.026,0.411,0.593,188024,221662.000,0.848,1,https://www.sashe.sk/,,www.sashe.sk
Nov 05 21:11:37,200,000,0.020,0.035,0.331,0.364,187921,331671.000,0.567,1,https://www.sashe.sk/,,www.sashe.sk
Nov 05 21:21:44,200,000,0.012,0.026,0.437,0.469,188118,270389.000,0.696,1,https://www.sashe.sk/,,www.sashe.sk
Nov 05 21:31:52,200,000,0.012,0.026,0.277,0.306,188565,373481.000,0.505,1,https://www.sashe.sk/,,www.sashe.sk
Nov 05 21:42:00,200,000,0.012,0.026,0.307,0.375,188297,337870.000,0.557,1,https://www.sashe.sk/,,www.sashe.sk
Nov 05 21:52:06,200,000,0.013,0.026,0.312,0.344,188670,325146.000,0.580,1,https://www.sashe.sk/,,www.sashe.sk
Nov 05 22:02:13,200,000,0.044,0.058,0.379,0.416,188485,282911.000,0.666,1,https://www.sashe.sk/,,www.sashe.sk
Nov 05 22:12:21,200,000,0.012,0.027,0.373,0.404,188157,286296.000,0.657,1,https://www.sashe.sk/,,www.sashe.sk
Nov 05 22:22:27,200,000,0.013,0.029,0.285,0.338,188124,345338.000,0.545,1,https://www.sashe.sk/,,www.sashe.sk
Nov 05 22:32:35,200,000,0.013,0.026,0.338,0.369,188150,329447.000,0.571,1,https://www.sashe.sk/,,www.sashe.sk
Nov 05 22:42:42,200,000,0.016,0.031,0.263,0.292,188322,308759.000,0.610,1,https://www.sashe.sk/,,www.sashe.sk
Nov 05 22:52:50,200,000,0.028,0.047,0.251,0.281,188573,370354.000,0.509,1,https://www.sashe.sk/,,www.sashe.sk
Nov 05 23:02:57,200,000,0.014,0.028,0.318,0.348,188422,353298.000,0.533,1,https://www.sashe.sk/,,www.sashe.sk
Nov 05 23:13:04,200,000,0.014,0.027,0.318,0.352,191226,334563.000,0.572,1,https://www.sashe.sk/,,www.sashe.sk
Nov 05 23:23:30,200,000,0.062,0.075,0.400,0.430,191371,278602.000,0.687,1,https://www.sashe.sk/,,www.sashe.sk
Nov 05 23:33:39,200,000,0.022,0.036,0.348,0.389,191056,328952.000,0.581,1,https://www.sashe.sk/,,www.sashe.sk
Nov 05 23:43:48,200,000,0.013,0.027,0.383,0.414,191316,311084.000,0.615,1,https://www.sashe.sk/,,www.sashe.sk
Nov 05 23:53:56,200,000,0.012,0.027,0.347,0.379,191224,305257.000,0.626,1,https://www.sashe.sk/,,www.sashe.sk
